<?xml version="1.0" encoding="UTF-8"?>
<!-- Generated by org.testng.reporters.JUnitXMLReporter -->
<testsuite hostname="BLRUNNFWN24407" ignored="0" name="Test_2" tests="1" failures="1" timestamp="05 Jul 2019 10:21:36 GMT" time="22.169" errors="0">
  <testcase name="readDemo" time="5.958" classname="takeScreenshot.PDFReadDemo">
    <failure type="java.lang.AssertionError" message="fail expected [true] but found [false]">
      <![CDATA[java.lang.AssertionError: fail expected [true] but found [false]
at takeScreenshot.PDFReadDemo.readDemo(PDFReadDemo.java:53)
... Removed 28 stack frames]]>
    </failure>
  </testcase> <!-- readDemo -->
</testsuite> <!-- Test_2 -->
